<?xml version="1.0" encoding="UTF-8"?>
<testng-results skipped="0" failed="1" ignored="0" total="2" passed="1">
  <reporter-output>
  </reporter-output>
  <suite name="Suite" duration-ms="4424" started-at="2022-03-08T15:55:24 IST" finished-at="2022-03-08T15:55:28 IST">
    <groups>
      <group name="regression">
        <method signature="TestngTest1.openFacebook()[pri:0, instance:sessions.TestngTest1@15d0c81b]" name="openFacebook" class="sessions.TestngTest1"/>
      </group> <!-- regression -->
    </groups>
    <test name="Test" duration-ms="4424" started-at="2022-03-08T15:55:24 IST" finished-at="2022-03-08T15:55:28 IST">
      <class name="sessions.TestngTest1">
        <test-method status="PASS" signature="setup()[pri:0, instance:sessions.TestngTest1@15d0c81b]" name="setup" is-config="true" duration-ms="2169" started-at="2022-03-08T15:55:24 IST" finished-at="2022-03-08T15:55:26 IST">
          <reporter-output>
          </reporter-output>
        </test-method> <!-- setup -->
        <test-method status="FAIL" signature="openFacebook()[pri:0, instance:sessions.TestngTest1@15d0c81b]" name="openFacebook" duration-ms="1119" started-at="2022-03-08T15:55:26 IST" finished-at="2022-03-08T15:55:27 IST">
          <exception class="java.lang.AssertionError">
            <message>
              <![CDATA[expected [false] but found [true]]]>
            </message>
            <full-stacktrace>
              <![CDATA[java.lang.AssertionError: expected [false] but found [true]
at org.testng.Assert.fail(Assert.java:99)
at org.testng.Assert.failNotEquals(Assert.java:1037)
at org.testng.Assert.assertFalse(Assert.java:67)
at org.testng.Assert.assertFalse(Assert.java:77)
at sessions.TestngTest1.openFacebook(TestngTest1.java:30)
at sun.reflect.NativeMethodAccessorImpl.invoke0(Native Method)
at sun.reflect.NativeMethodAccessorImpl.invoke(NativeMethodAccessorImpl.java:62)
at sun.reflect.DelegatingMethodAccessorImpl.invoke(DelegatingMethodAccessorImpl.java:43)
at java.lang.reflect.Method.invoke(Method.java:498)
at org.testng.internal.MethodInvocationHelper.invokeMethod(MethodInvocationHelper.java:132)
at org.testng.internal.TestInvoker.invokeMethod(TestInvoker.java:599)
at org.testng.internal.TestInvoker.invokeTestMethod(TestInvoker.java:174)
at org.testng.internal.MethodRunner.runInSequence(MethodRunner.java:46)
at org.testng.internal.TestInvoker$MethodInvocationAgent.invoke(TestInvoker.java:822)
at org.testng.internal.TestInvoker.invokeTestMethods(TestInvoker.java:147)
at org.testng.internal.TestMethodWorker.invokeTestMethods(TestMethodWorker.java:146)
at org.testng.internal.TestMethodWorker.run(TestMethodWorker.java:128)
at java.util.ArrayList.forEach(ArrayList.java:1259)
at org.testng.TestRunner.privateRun(TestRunner.java:764)
at org.testng.TestRunner.run(TestRunner.java:585)
at org.testng.SuiteRunner.runTest(SuiteRunner.java:384)
at org.testng.SuiteRunner.runSequentially(SuiteRunner.java:378)
at org.testng.SuiteRunner.privateRun(SuiteRunner.java:337)
at org.testng.SuiteRunner.run(SuiteRunner.java:286)
at org.testng.SuiteRunnerWorker.runSuite(SuiteRunnerWorker.java:53)
at org.testng.SuiteRunnerWorker.run(SuiteRunnerWorker.java:96)
at org.testng.TestNG.runSuitesSequentially(TestNG.java:1218)
at org.testng.TestNG.runSuitesLocally(TestNG.java:1140)
at org.testng.TestNG.runSuites(TestNG.java:1069)
at org.testng.TestNG.run(TestNG.java:1037)
at org.testng.remote.AbstractRemoteTestNG.run(AbstractRemoteTestNG.java:115)
at org.testng.remote.RemoteTestNG.initAndRun(RemoteTestNG.java:251)
at org.testng.remote.RemoteTestNG.main(RemoteTestNG.java:77)
]]>
            </full-stacktrace>
          </exception> <!-- java.lang.AssertionError -->
          <reporter-output>
          </reporter-output>
        </test-method> <!-- openFacebook -->
        <test-method status="PASS" signature="openGoogle()[pri:1, instance:sessions.TestngTest1@15d0c81b]" name="openGoogle" duration-ms="1099" started-at="2022-03-08T15:55:27 IST" depends-on-methods="sessions.TestngTest1.openFacebook" finished-at="2022-03-08T15:55:28 IST">
          <reporter-output>
          </reporter-output>
        </test-method> <!-- openGoogle -->
        <test-method status="PASS" signature="tearDown()[pri:0, instance:sessions.TestngTest1@15d0c81b]" name="tearDown" is-config="true" duration-ms="0" started-at="2022-03-08T15:55:28 IST" finished-at="2022-03-08T15:55:28 IST">
          <reporter-output>
          </reporter-output>
        </test-method> <!-- tearDown -->
      </class> <!-- sessions.TestngTest1 -->
    </test> <!-- Test -->
  </suite> <!-- Suite -->
</testng-results>
